This file contains any messages produced by compilers while
running configure, to aid debugging if configure makes a mistake.

It was created by FULL-PACKAGE-NAME configure VERSION, which was
generated by GNU Autoconf 2.59.  Invocation command line was

  $ ./configure 

## --------- ##
## Platform. ##
## --------- ##

hostname = count
uname -m = ppc
uname -r = 2.6.12-10-powerpc
uname -s = Linux
uname -v = #1 Mon Jan 16 17:38:57 UTC 2006

/usr/bin/uname -p = unknown
/bin/uname -X     = unknown

/bin/arch              = ppc
/usr/bin/arch -k       = unknown
/usr/convex/getsysinfo = unknown
hostinfo               = unknown
/bin/machine           = unknown
/usr/bin/oslevel       = unknown
/bin/universe          = unknown

PATH: /home/yjchen/GNUstep/Tools
PATH: /usr/local/GNUstep/Local/Tools
PATH: /usr/local/GNUstep/System/Tools
PATH: /usr/local/bin
PATH: /usr/local/sbin
PATH: /sbin
PATH: /usr/sbin
PATH: /bin
PATH: /usr/bin
PATH: /usr/bin/X11
PATH: /usr/games


## ----------- ##
## Core tests. ##
## ----------- ##

configure:1392: checking for gcc
configure:1418: result: gcc-4.0
configure:1662: checking for C compiler version
configure:1665: gcc-4.0 --version </dev/null >&5
gcc-4.0 (GCC) 4.0.2 20050808 (prerelease) (Ubuntu 4.0.1-4ubuntu9)
Copyright (C) 2005 Free Software Foundation, Inc.
This is free software; see the source for copying conditions.  There is NO
warranty; not even for MERCHANTABILITY or FITNESS FOR A PARTICULAR PURPOSE.

configure:1668: $? = 0
configure:1670: gcc-4.0 -v </dev/null >&5
Using built-in specs.
Target: powerpc-linux-gnu
Configured with: ../src/configure -v --enable-languages=c,c++,java,f95,objc,ada,treelang --prefix=/usr --with-gxx-include-dir=/usr/include/c++/4.0.2 --enable-shared --with-system-zlib --libexecdir=/usr/lib --enable-nls --without-included-gettext --enable-threads=posix --program-suffix=-4.0 --enable-__cxa_atexit --enable-libstdcxx-allocator=mt --enable-clocale=gnu --enable-libstdcxx-debug --enable-java-gc=boehm --enable-java-awt=gtk-default --enable-gtk-cairo --with-java-home=/usr/lib/jvm/java-1.4.2-gcj-4.0-1.4.2.0/jre --enable-mpfr --disable-softfloat --enable-targets=powerpc-linux,powerpc64-linux --with-cpu=default32 --disable-werror --enable-checking=release powerpc-linux-gnu
Thread model: posix
gcc version 4.0.2 20050808 (prerelease) (Ubuntu 4.0.1-4ubuntu9)
configure:1673: $? = 0
configure:1675: gcc-4.0 -V </dev/null >&5
gcc-4.0: '-V' option must have argument
configure:1678: $? = 1
configure:1701: checking for C compiler default output file name
configure:1704: gcc-4.0    conftest.c  >&5
configure:1707: $? = 0
configure:1753: result: a.out
configure:1758: checking whether the C compiler works
configure:1764: ./a.out
configure:1767: $? = 0
configure:1784: result: yes
configure:1791: checking whether we are cross compiling
configure:1793: result: no
configure:1796: checking for suffix of executables
configure:1798: gcc-4.0 -o conftest    conftest.c  >&5
configure:1801: $? = 0
configure:1826: result: 
configure:1832: checking for suffix of object files
configure:1853: gcc-4.0 -c   conftest.c >&5
configure:1856: $? = 0
configure:1878: result: o
configure:1882: checking whether we are using the GNU C compiler
configure:1906: gcc-4.0 -c   conftest.c >&5
configure:1912: $? = 0
configure:1916: test -z 
			 || test ! -s conftest.err
configure:1919: $? = 0
configure:1922: test -s conftest.o
configure:1925: $? = 0
configure:1938: result: yes
configure:1944: checking whether gcc-4.0 accepts -g
configure:1965: gcc-4.0 -c -g  conftest.c >&5
configure:1971: $? = 0
configure:1975: test -z 
			 || test ! -s conftest.err
configure:1978: $? = 0
configure:1981: test -s conftest.o
configure:1984: $? = 0
configure:1995: result: yes
configure:2012: checking for gcc-4.0 option to accept ANSI C
configure:2082: gcc-4.0  -c -g -O2  conftest.c >&5
configure:2088: $? = 0
configure:2092: test -z 
			 || test ! -s conftest.err
configure:2095: $? = 0
configure:2098: test -s conftest.o
configure:2101: $? = 0
configure:2119: result: none needed
configure:2137: gcc-4.0 -c -g -O2  conftest.c >&5
conftest.c:2: error: syntax error before 'me'
configure:2143: $? = 1
configure: failed program was:
| #ifndef __cplusplus
|   choke me
| #endif
configure:2277: checking for library containing strerror
configure:2307: gcc-4.0 -o conftest -g -O2   conftest.c  >&5
configure:2313: $? = 0
configure:2317: test -z 
			 || test ! -s conftest.err
configure:2320: $? = 0
configure:2323: test -s conftest
configure:2326: $? = 0
configure:2396: result: none required
configure:2449: checking for gcc
configure:2475: result: gcc-4.0
configure:2719: checking for C compiler version
configure:2722: gcc-4.0 --version </dev/null >&5
gcc-4.0 (GCC) 4.0.2 20050808 (prerelease) (Ubuntu 4.0.1-4ubuntu9)
Copyright (C) 2005 Free Software Foundation, Inc.
This is free software; see the source for copying conditions.  There is NO
warranty; not even for MERCHANTABILITY or FITNESS FOR A PARTICULAR PURPOSE.

configure:2725: $? = 0
configure:2727: gcc-4.0 -v </dev/null >&5
Using built-in specs.
Target: powerpc-linux-gnu
Configured with: ../src/configure -v --enable-languages=c,c++,java,f95,objc,ada,treelang --prefix=/usr --with-gxx-include-dir=/usr/include/c++/4.0.2 --enable-shared --with-system-zlib --libexecdir=/usr/lib --enable-nls --without-included-gettext --enable-threads=posix --program-suffix=-4.0 --enable-__cxa_atexit --enable-libstdcxx-allocator=mt --enable-clocale=gnu --enable-libstdcxx-debug --enable-java-gc=boehm --enable-java-awt=gtk-default --enable-gtk-cairo --with-java-home=/usr/lib/jvm/java-1.4.2-gcj-4.0-1.4.2.0/jre --enable-mpfr --disable-softfloat --enable-targets=powerpc-linux,powerpc64-linux --with-cpu=default32 --disable-werror --enable-checking=release powerpc-linux-gnu
Thread model: posix
gcc version 4.0.2 20050808 (prerelease) (Ubuntu 4.0.1-4ubuntu9)
configure:2730: $? = 0
configure:2732: gcc-4.0 -V </dev/null >&5
gcc-4.0: '-V' option must have argument
configure:2735: $? = 1
configure:2738: checking whether we are using the GNU C compiler
configure:2794: result: yes
configure:2800: checking whether gcc-4.0 accepts -g
configure:2851: result: yes
configure:2868: checking for gcc-4.0 option to accept ANSI C
configure:2975: result: none needed
configure:2993: gcc-4.0 -c -g -O2  conftest.c >&5
conftest.c:2: error: syntax error before 'me'
configure:2999: $? = 1
configure: failed program was:
| #ifndef __cplusplus
|   choke me
| #endif
configure:3133: checking whether ln -s works
configure:3137: result: yes
configure:3149: checking how to run the C preprocessor
configure:3184: gcc-4.0 -E  conftest.c
configure:3190: $? = 0
configure:3222: gcc-4.0 -E  conftest.c
conftest.c:10:28: error: ac_nonexistent.h: No such file or directory
configure:3228: $? = 1
configure: failed program was:
| /* confdefs.h.  */
| 
| #define PACKAGE_NAME "FULL-PACKAGE-NAME"
| #define PACKAGE_TARNAME "full-package-name"
| #define PACKAGE_VERSION "VERSION"
| #define PACKAGE_STRING "FULL-PACKAGE-NAME VERSION"
| #define PACKAGE_BUGREPORT "BUG-REPORT-ADDRESS"
| #define VERSION "0.1"
| /* end confdefs.h.  */
| #include <ac_nonexistent.h>
configure:3267: result: gcc-4.0 -E
configure:3291: gcc-4.0 -E  conftest.c
configure:3297: $? = 0
configure:3329: gcc-4.0 -E  conftest.c
conftest.c:10:28: error: ac_nonexistent.h: No such file or directory
configure:3335: $? = 1
configure: failed program was:
| /* confdefs.h.  */
| 
| #define PACKAGE_NAME "FULL-PACKAGE-NAME"
| #define PACKAGE_TARNAME "full-package-name"
| #define PACKAGE_VERSION "VERSION"
| #define PACKAGE_STRING "FULL-PACKAGE-NAME VERSION"
| #define PACKAGE_BUGREPORT "BUG-REPORT-ADDRESS"
| #define VERSION "0.1"
| /* end confdefs.h.  */
| #include <ac_nonexistent.h>
configure:3379: checking for egrep
configure:3389: result: grep -E
configure:3395: checking whether gcc-4.0 needs -traditional
configure:3437: result: no
configure:3485: checking for vprintf
configure:3542: gcc-4.0 -o conftest -g -O2   conftest.c  >&5
conftest.c:34: warning: conflicting types for built-in function 'vprintf'
configure:3548: $? = 0
configure:3552: test -z 
			 || test ! -s conftest.err
configure:3555: $? = 0
configure:3558: test -s conftest
configure:3561: $? = 0
configure:3573: result: yes
configure:3580: checking for _doprnt
configure:3637: gcc-4.0 -o conftest -g -O2   conftest.c  >&5
/tmp/cc6sEbNy.o: In function `main':
/home/yjchen/WMaker/conftest.c:50: undefined reference to `_doprnt'
/home/yjchen/WMaker/conftest.c:50: undefined reference to `_doprnt'
/tmp/cc6sEbNy.o:(.sdata+0x0): undefined reference to `_doprnt'
collect2: ld returned 1 exit status
configure:3643: $? = 1
configure: failed program was:
| /* confdefs.h.  */
| 
| #define PACKAGE_NAME "FULL-PACKAGE-NAME"
| #define PACKAGE_TARNAME "full-package-name"
| #define PACKAGE_VERSION "VERSION"
| #define PACKAGE_STRING "FULL-PACKAGE-NAME VERSION"
| #define PACKAGE_BUGREPORT "BUG-REPORT-ADDRESS"
| #define VERSION "0.1"
| #define HAVE_VPRINTF 1
| /* end confdefs.h.  */
| /* Define _doprnt to an innocuous variant, in case <limits.h> declares _doprnt.
|    For example, HP-UX 11i <limits.h> declares gettimeofday.  */
| #define _doprnt innocuous__doprnt
| 
| /* System header to define __stub macros and hopefully few prototypes,
|     which can conflict with char _doprnt (); below.
|     Prefer <limits.h> to <assert.h> if __STDC__ is defined, since
|     <limits.h> exists even on freestanding compilers.  */
| 
| #ifdef __STDC__
| # include <limits.h>
| #else
| # include <assert.h>
| #endif
| 
| #undef _doprnt
| 
| /* Override any gcc2 internal prototype to avoid an error.  */
| #ifdef __cplusplus
| extern "C"
| {
| #endif
| /* We use char because int might match the return type of a gcc2
|    builtin and then its argument prototype would still apply.  */
| char _doprnt ();
| /* The GNU C library defines this for functions which it implements
|     to always fail with ENOSYS.  Some functions are actually named
|     something starting with __ and the normal name is an alias.  */
| #if defined (__stub__doprnt) || defined (__stub____doprnt)
| choke me
| #else
| char (*f) () = _doprnt;
| #endif
| #ifdef __cplusplus
| }
| #endif
| 
| int
| main ()
| {
| return f != _doprnt;
|   ;
|   return 0;
| }
configure:3668: result: no
configure:3684: checking for working alloca.h
configure:3705: gcc-4.0 -o conftest -g -O2   conftest.c  >&5
configure:3711: $? = 0
configure:3715: test -z 
			 || test ! -s conftest.err
configure:3718: $? = 0
configure:3721: test -s conftest
configure:3724: $? = 0
configure:3736: result: yes
configure:3746: checking for alloca
configure:3787: gcc-4.0 -o conftest -g -O2   conftest.c  >&5
configure:3793: $? = 0
configure:3797: test -z 
			 || test ! -s conftest.err
configure:3800: $? = 0
configure:3803: test -s conftest
configure:3806: $? = 0
configure:3818: result: yes
configure:4058: checking for gethostname
configure:4115: gcc-4.0 -o conftest -g -O2   conftest.c  >&5
configure:4121: $? = 0
configure:4125: test -z 
			 || test ! -s conftest.err
configure:4128: $? = 0
configure:4131: test -s conftest
configure:4134: $? = 0
configure:4146: result: yes
configure:4058: checking for select
configure:4115: gcc-4.0 -o conftest -g -O2   conftest.c  >&5
configure:4121: $? = 0
configure:4125: test -z 
			 || test ! -s conftest.err
configure:4128: $? = 0
configure:4131: test -s conftest
configure:4134: $? = 0
configure:4146: result: yes
configure:4058: checking for poll
configure:4115: gcc-4.0 -o conftest -g -O2   conftest.c  >&5
configure:4121: $? = 0
configure:4125: test -z 
			 || test ! -s conftest.err
configure:4128: $? = 0
configure:4131: test -s conftest
configure:4134: $? = 0
configure:4146: result: yes
configure:4058: checking for strerror
configure:4115: gcc-4.0 -o conftest -g -O2   conftest.c  >&5
configure:4121: $? = 0
configure:4125: test -z 
			 || test ! -s conftest.err
configure:4128: $? = 0
configure:4131: test -s conftest
configure:4134: $? = 0
configure:4146: result: yes
configure:4058: checking for strcasecmp
configure:4115: gcc-4.0 -o conftest -g -O2   conftest.c  >&5
configure:4121: $? = 0
configure:4125: test -z 
			 || test ! -s conftest.err
configure:4128: $? = 0
configure:4131: test -s conftest
configure:4134: $? = 0
configure:4146: result: yes
configure:4058: checking for strncasecmp
configure:4115: gcc-4.0 -o conftest -g -O2   conftest.c  >&5
configure:4121: $? = 0
configure:4125: test -z 
			 || test ! -s conftest.err
configure:4128: $? = 0
configure:4131: test -s conftest
configure:4134: $? = 0
configure:4146: result: yes
configure:4058: checking for setpgid
configure:4115: gcc-4.0 -o conftest -g -O2   conftest.c  >&5
configure:4121: $? = 0
configure:4125: test -z 
			 || test ! -s conftest.err
configure:4128: $? = 0
configure:4131: test -s conftest
configure:4134: $? = 0
configure:4146: result: yes
configure:4058: checking for atexit
configure:4115: gcc-4.0 -o conftest -g -O2   conftest.c  >&5
configure:4121: $? = 0
configure:4125: test -z 
			 || test ! -s conftest.err
configure:4128: $? = 0
configure:4131: test -s conftest
configure:4134: $? = 0
configure:4146: result: yes
configure:4058: checking for mallinfo
configure:4115: gcc-4.0 -o conftest -g -O2   conftest.c  >&5
configure:4121: $? = 0
configure:4125: test -z 
			 || test ! -s conftest.err
configure:4128: $? = 0
configure:4131: test -s conftest
configure:4134: $? = 0
configure:4146: result: yes
configure:4058: checking for mkstemp
configure:4115: gcc-4.0 -o conftest -g -O2   conftest.c  >&5
configure:4121: $? = 0
configure:4125: test -z 
			 || test ! -s conftest.err
configure:4128: $? = 0
configure:4131: test -s conftest
configure:4134: $? = 0
configure:4146: result: yes
configure:4058: checking for snprintf
configure:4115: gcc-4.0 -o conftest -g -O2   conftest.c  >&5
conftest.c:47: warning: conflicting types for built-in function 'snprintf'
configure:4121: $? = 0
configure:4125: test -z 
			 || test ! -s conftest.err
configure:4128: $? = 0
configure:4131: test -s conftest
configure:4134: $? = 0
configure:4146: result: yes
configure:4058: checking for vsnprintf
configure:4115: gcc-4.0 -o conftest -g -O2   conftest.c  >&5
conftest.c:48: warning: conflicting types for built-in function 'vsnprintf'
configure:4121: $? = 0
configure:4125: test -z 
			 || test ! -s conftest.err
configure:4128: $? = 0
configure:4131: test -s conftest
configure:4134: $? = 0
configure:4146: result: yes
configure:4058: checking for asprintf
configure:4115: gcc-4.0 -o conftest -g -O2   conftest.c  >&5
configure:4121: $? = 0
configure:4125: test -z 
			 || test ! -s conftest.err
configure:4128: $? = 0
configure:4131: test -s conftest
configure:4134: $? = 0
configure:4146: result: yes
configure:4058: checking for vasprintf
configure:4115: gcc-4.0 -o conftest -g -O2   conftest.c  >&5
configure:4121: $? = 0
configure:4125: test -z 
			 || test ! -s conftest.err
configure:4128: $? = 0
configure:4131: test -s conftest
configure:4134: $? = 0
configure:4146: result: yes
configure:4158: checking for C99 vsnprintf
configure:4194: gcc-4.0 -o conftest -g -O2   conftest.c  >&5
conftest.c: In function 'foo':
conftest.c:38: warning: incompatible implicit declaration of built-in function 'exit'
conftest.c:40: warning: incompatible implicit declaration of built-in function 'snprintf'
configure:4197: $? = 0
configure:4199: ./conftest
configure:4202: $? = 0
configure:4216: result: yes
configure:4227: checking for dlopen
configure:4284: gcc-4.0 -o conftest -g -O2   conftest.c  >&5
/tmp/ccuN9zRl.o: In function `main':
/home/yjchen/WMaker/conftest.c:67: undefined reference to `dlopen'
/home/yjchen/WMaker/conftest.c:67: undefined reference to `dlopen'
/tmp/ccuN9zRl.o:(.sdata+0x0): undefined reference to `dlopen'
collect2: ld returned 1 exit status
configure:4290: $? = 1
configure: failed program was:
| /* confdefs.h.  */
| 
| #define PACKAGE_NAME "FULL-PACKAGE-NAME"
| #define PACKAGE_TARNAME "full-package-name"
| #define PACKAGE_VERSION "VERSION"
| #define PACKAGE_STRING "FULL-PACKAGE-NAME VERSION"
| #define PACKAGE_BUGREPORT "BUG-REPORT-ADDRESS"
| #define VERSION "0.1"
| #define HAVE_VPRINTF 1
| #define HAVE_ALLOCA_H 1
| #define HAVE_ALLOCA 1
| #define HAVE_GETHOSTNAME 1
| #define HAVE_SELECT 1
| #define HAVE_POLL 1
| #define HAVE_STRERROR 1
| #define HAVE_STRCASECMP 1
| #define HAVE_STRNCASECMP 1
| #define HAVE_SETPGID 1
| #define HAVE_ATEXIT 1
| #define HAVE_MALLINFO 1
| #define HAVE_MKSTEMP 1
| #define HAVE_SNPRINTF 1
| #define HAVE_VSNPRINTF 1
| #define HAVE_ASPRINTF 1
| #define HAVE_VASPRINTF 1
| #define HAVE_C99_VSNPRINTF 1
| /* end confdefs.h.  */
| /* Define dlopen to an innocuous variant, in case <limits.h> declares dlopen.
|    For example, HP-UX 11i <limits.h> declares gettimeofday.  */
| #define dlopen innocuous_dlopen
| 
| /* System header to define __stub macros and hopefully few prototypes,
|     which can conflict with char dlopen (); below.
|     Prefer <limits.h> to <assert.h> if __STDC__ is defined, since
|     <limits.h> exists even on freestanding compilers.  */
| 
| #ifdef __STDC__
| # include <limits.h>
| #else
| # include <assert.h>
| #endif
| 
| #undef dlopen
| 
| /* Override any gcc2 internal prototype to avoid an error.  */
| #ifdef __cplusplus
| extern "C"
| {
| #endif
| /* We use char because int might match the return type of a gcc2
|    builtin and then its argument prototype would still apply.  */
| char dlopen ();
| /* The GNU C library defines this for functions which it implements
|     to always fail with ENOSYS.  Some functions are actually named
|     something starting with __ and the normal name is an alias.  */
| #if defined (__stub_dlopen) || defined (__stub___dlopen)
| choke me
| #else
| char (*f) () = dlopen;
| #endif
| #ifdef __cplusplus
| }
| #endif
| 
| int
| main ()
| {
| return f != dlopen;
|   ;
|   return 0;
| }
configure:4315: result: no
configure:4320: checking for dlopen in -ldl
configure:4350: gcc-4.0 -o conftest -g -O2   conftest.c -ldl   >&5
configure:4356: $? = 0
configure:4360: test -z 
			 || test ! -s conftest.err
configure:4363: $? = 0
configure:4366: test -s conftest
configure:4369: $? = 0
configure:4382: result: yes
configure:4394: checking for ANSI C header files
configure:4419: gcc-4.0 -c -g -O2  conftest.c >&5
configure:4425: $? = 0
configure:4429: test -z 
			 || test ! -s conftest.err
configure:4432: $? = 0
configure:4435: test -s conftest.o
configure:4438: $? = 0
configure:4527: gcc-4.0 -o conftest -g -O2   conftest.c  >&5
conftest.c: In function 'main':
conftest.c:45: warning: incompatible implicit declaration of built-in function 'exit'
configure:4530: $? = 0
configure:4532: ./conftest
configure:4535: $? = 0
configure:4550: result: yes
configure:4574: checking for sys/types.h
configure:4590: gcc-4.0 -c -g -O2  conftest.c >&5
configure:4596: $? = 0
configure:4600: test -z 
			 || test ! -s conftest.err
configure:4603: $? = 0
configure:4606: test -s conftest.o
configure:4609: $? = 0
configure:4620: result: yes
configure:4574: checking for sys/stat.h
configure:4590: gcc-4.0 -c -g -O2  conftest.c >&5
configure:4596: $? = 0
configure:4600: test -z 
			 || test ! -s conftest.err
configure:4603: $? = 0
configure:4606: test -s conftest.o
configure:4609: $? = 0
configure:4620: result: yes
configure:4574: checking for stdlib.h
configure:4590: gcc-4.0 -c -g -O2  conftest.c >&5
configure:4596: $? = 0
configure:4600: test -z 
			 || test ! -s conftest.err
configure:4603: $? = 0
configure:4606: test -s conftest.o
configure:4609: $? = 0
configure:4620: result: yes
configure:4574: checking for string.h
configure:4590: gcc-4.0 -c -g -O2  conftest.c >&5
configure:4596: $? = 0
configure:4600: test -z 
			 || test ! -s conftest.err
configure:4603: $? = 0
configure:4606: test -s conftest.o
configure:4609: $? = 0
configure:4620: result: yes
configure:4574: checking for memory.h
configure:4590: gcc-4.0 -c -g -O2  conftest.c >&5
configure:4596: $? = 0
configure:4600: test -z 
			 || test ! -s conftest.err
configure:4603: $? = 0
configure:4606: test -s conftest.o
configure:4609: $? = 0
configure:4620: result: yes
configure:4574: checking for strings.h
configure:4590: gcc-4.0 -c -g -O2  conftest.c >&5
configure:4596: $? = 0
configure:4600: test -z 
			 || test ! -s conftest.err
configure:4603: $? = 0
configure:4606: test -s conftest.o
configure:4609: $? = 0
configure:4620: result: yes
configure:4574: checking for inttypes.h
configure:4590: gcc-4.0 -c -g -O2  conftest.c >&5
configure:4596: $? = 0
configure:4600: test -z 
			 || test ! -s conftest.err
configure:4603: $? = 0
configure:4606: test -s conftest.o
configure:4609: $? = 0
configure:4620: result: yes
configure:4574: checking for stdint.h
configure:4590: gcc-4.0 -c -g -O2  conftest.c >&5
configure:4596: $? = 0
configure:4600: test -z 
			 || test ! -s conftest.err
configure:4603: $? = 0
configure:4606: test -s conftest.o
configure:4609: $? = 0
configure:4620: result: yes
configure:4574: checking for unistd.h
configure:4590: gcc-4.0 -c -g -O2  conftest.c >&5
configure:4596: $? = 0
configure:4600: test -z 
			 || test ! -s conftest.err
configure:4603: $? = 0
configure:4606: test -s conftest.o
configure:4609: $? = 0
configure:4620: result: yes
configure:4646: checking dlfcn.h usability
configure:4658: gcc-4.0 -c -g -O2  conftest.c >&5
configure:4664: $? = 0
configure:4668: test -z 
			 || test ! -s conftest.err
configure:4671: $? = 0
configure:4674: test -s conftest.o
configure:4677: $? = 0
configure:4687: result: yes
configure:4691: checking dlfcn.h presence
configure:4701: gcc-4.0 -E  conftest.c
configure:4707: $? = 0
configure:4727: result: yes
configure:4762: checking for dlfcn.h
configure:4769: result: yes
configure:4789: checking for cpp
configure:4808: found /usr/bin/cpp
configure:4821: result: /usr/bin/cpp
configure:4850: checking for sys/wait.h that is POSIX.1 compatible
configure:4881: gcc-4.0 -c -g -O2  conftest.c >&5
configure:4887: $? = 0
configure:4891: test -z 
			 || test ! -s conftest.err
configure:4894: $? = 0
configure:4897: test -s conftest.o
configure:4900: $? = 0
configure:4911: result: yes
configure:4921: checking whether time.h and sys/time.h may both be included
configure:4946: gcc-4.0 -c -g -O2  conftest.c >&5
configure:4952: $? = 0
configure:4956: test -z 
			 || test ! -s conftest.err
configure:4959: $? = 0
configure:4962: test -s conftest.o
configure:4965: $? = 0
configure:4976: result: yes
configure:5011: checking fcntl.h usability
configure:5023: gcc-4.0 -c -g -O2  conftest.c >&5
configure:5029: $? = 0
configure:5033: test -z 
			 || test ! -s conftest.err
configure:5036: $? = 0
configure:5039: test -s conftest.o
configure:5042: $? = 0
configure:5052: result: yes
configure:5056: checking fcntl.h presence
configure:5066: gcc-4.0 -E  conftest.c
configure:5072: $? = 0
configure:5092: result: yes
configure:5127: checking for fcntl.h
configure:5134: result: yes
configure:5011: checking limits.h usability
configure:5023: gcc-4.0 -c -g -O2  conftest.c >&5
configure:5029: $? = 0
configure:5033: test -z 
			 || test ! -s conftest.err
configure:5036: $? = 0
configure:5039: test -s conftest.o
configure:5042: $? = 0
configure:5052: result: yes
configure:5056: checking limits.h presence
configure:5066: gcc-4.0 -E  conftest.c
configure:5072: $? = 0
configure:5092: result: yes
configure:5127: checking for limits.h
configure:5134: result: yes
configure:5011: checking sys/ioctl.h usability
configure:5023: gcc-4.0 -c -g -O2  conftest.c >&5
configure:5029: $? = 0
configure:5033: test -z 
			 || test ! -s conftest.err
configure:5036: $? = 0
configure:5039: test -s conftest.o
configure:5042: $? = 0
configure:5052: result: yes
configure:5056: checking sys/ioctl.h presence
configure:5066: gcc-4.0 -E  conftest.c
configure:5072: $? = 0
configure:5092: result: yes
configure:5127: checking for sys/ioctl.h
configure:5134: result: yes
configure:5011: checking sys/time.h usability
configure:5023: gcc-4.0 -c -g -O2  conftest.c >&5
configure:5029: $? = 0
configure:5033: test -z 
			 || test ! -s conftest.err
configure:5036: $? = 0
configure:5039: test -s conftest.o
configure:5042: $? = 0
configure:5052: result: yes
configure:5056: checking sys/time.h presence
configure:5066: gcc-4.0 -E  conftest.c
configure:5072: $? = 0
configure:5092: result: yes
configure:5127: checking for sys/time.h
configure:5134: result: yes
configure:5002: checking for sys/types.h
configure:5007: result: yes
configure:5011: checking libintl.h usability
configure:5023: gcc-4.0 -c -g -O2  conftest.c >&5
configure:5029: $? = 0
configure:5033: test -z 
			 || test ! -s conftest.err
configure:5036: $? = 0
configure:5039: test -s conftest.o
configure:5042: $? = 0
configure:5052: result: yes
configure:5056: checking libintl.h presence
configure:5066: gcc-4.0 -E  conftest.c
configure:5072: $? = 0
configure:5092: result: yes
configure:5127: checking for libintl.h
configure:5134: result: yes
configure:5011: checking sys/select.h usability
configure:5023: gcc-4.0 -c -g -O2  conftest.c >&5
configure:5029: $? = 0
configure:5033: test -z 
			 || test ! -s conftest.err
configure:5036: $? = 0
configure:5039: test -s conftest.o
configure:5042: $? = 0
configure:5052: result: yes
configure:5056: checking sys/select.h presence
configure:5066: gcc-4.0 -E  conftest.c
configure:5072: $? = 0
configure:5092: result: yes
configure:5127: checking for sys/select.h
configure:5134: result: yes
configure:5011: checking poll.h usability
configure:5023: gcc-4.0 -c -g -O2  conftest.c >&5
configure:5029: $? = 0
configure:5033: test -z 
			 || test ! -s conftest.err
configure:5036: $? = 0
configure:5039: test -s conftest.o
configure:5042: $? = 0
configure:5052: result: yes
configure:5056: checking poll.h presence
configure:5066: gcc-4.0 -E  conftest.c
configure:5072: $? = 0
configure:5092: result: yes
configure:5127: checking for poll.h
configure:5134: result: yes
configure:5011: checking malloc.h usability
configure:5023: gcc-4.0 -c -g -O2  conftest.c >&5
configure:5029: $? = 0
configure:5033: test -z 
			 || test ! -s conftest.err
configure:5036: $? = 0
configure:5039: test -s conftest.o
configure:5042: $? = 0
configure:5052: result: yes
configure:5056: checking malloc.h presence
configure:5066: gcc-4.0 -E  conftest.c
configure:5072: $? = 0
configure:5092: result: yes
configure:5127: checking for malloc.h
configure:5134: result: yes
configure:5011: checking ctype.h usability
configure:5023: gcc-4.0 -c -g -O2  conftest.c >&5
configure:5029: $? = 0
configure:5033: test -z 
			 || test ! -s conftest.err
configure:5036: $? = 0
configure:5039: test -s conftest.o
configure:5042: $? = 0
configure:5052: result: yes
configure:5056: checking ctype.h presence
configure:5066: gcc-4.0 -E  conftest.c
configure:5072: $? = 0
configure:5092: result: yes
configure:5127: checking for ctype.h
configure:5134: result: yes
configure:5002: checking for string.h
configure:5007: result: yes
configure:5002: checking for strings.h
configure:5007: result: yes
configure:5150: checking whether sys_siglist is declared
configure:5180: gcc-4.0 -c -g -O2  conftest.c >&5
configure:5186: $? = 0
configure:5190: test -z 
			 || test ! -s conftest.err
configure:5193: $? = 0
configure:5196: test -s conftest.o
configure:5199: $? = 0
configure:5210: result: yes
configure:5229: checking for an ANSI C-conforming const
configure:5296: gcc-4.0 -c -g -O2  conftest.c >&5
configure:5302: $? = 0
configure:5306: test -z 
			 || test ! -s conftest.err
configure:5309: $? = 0
configure:5312: test -s conftest.o
configure:5315: $? = 0
configure:5326: result: yes
configure:5338: checking return type of signal handlers
configure:5369: gcc-4.0 -c -g -O2  conftest.c >&5
configure:5375: $? = 0
configure:5379: test -z 
			 || test ! -s conftest.err
configure:5382: $? = 0
configure:5385: test -s conftest.o
configure:5388: $? = 0
configure:5399: result: void
configure:5417: checking for gettext
configure:5474: gcc-4.0 -o conftest -g -O2   conftest.c  >&5
conftest.c:80: warning: conflicting types for built-in function 'gettext'
configure:5480: $? = 0
configure:5484: test -z 
			 || test ! -s conftest.err
configure:5487: $? = 0
configure:5490: test -s conftest
configure:5493: $? = 0
configure:5505: result: yes
configure:5585: checking for xgettext
configure:5614: result: no
configure:5859: checking for connect
configure:5916: gcc-4.0 -o conftest -g -O2   conftest.c  >&5
configure:5922: $? = 0
configure:5926: test -z 
			 || test ! -s conftest.err
configure:5929: $? = 0
configure:5932: test -s conftest
configure:5935: $? = 0
configure:5947: result: yes
configure:6023: checking for gethostbyname
configure:6080: gcc-4.0 -o conftest -g -O2   conftest.c  >&5
configure:6086: $? = 0
configure:6090: test -z 
			 || test ! -s conftest.err
configure:6093: $? = 0
configure:6096: test -s conftest
configure:6099: $? = 0
configure:6111: result: yes
configure:6187: checking for inet_aton
configure:6244: gcc-4.0 -o conftest -g -O2   conftest.c  >&5
configure:6250: $? = 0
configure:6254: test -z 
			 || test ! -s conftest.err
configure:6257: $? = 0
configure:6260: test -s conftest
configure:6263: $? = 0
configure:6275: result: yes
configure:6365: checking for X
configure:6470: gcc-4.0 -E  conftest.c
configure:6476: $? = 0
configure:6526: gcc-4.0 -o conftest -g -O2   conftest.c -lXt  >&5
configure:6532: $? = 0
configure:6536: test -z 
			 || test ! -s conftest.err
configure:6539: $? = 0
configure:6542: test -s conftest
configure:6545: $? = 0
configure:6595: result: libraries , headers 
configure:6767: gcc-4.0 -o conftest -g -O2   conftest.c   -lX11 >&5
configure:6773: $? = 0
configure:6777: test -z 
			 || test ! -s conftest.err
configure:6780: $? = 0
configure:6783: test -s conftest
configure:6786: $? = 0
configure:6944: checking for gethostbyname
configure:7032: result: yes
configure:7183: checking for connect
configure:7271: result: yes
configure:7346: checking for remove
configure:7403: gcc-4.0 -o conftest -g -O2   conftest.c  >&5
configure:7409: $? = 0
configure:7413: test -z 
			 || test ! -s conftest.err
configure:7416: $? = 0
configure:7419: test -s conftest
configure:7422: $? = 0
configure:7434: result: yes
configure:7509: checking for shmat
configure:7566: gcc-4.0 -o conftest -g -O2   conftest.c  >&5
configure:7572: $? = 0
configure:7576: test -z 
			 || test ! -s conftest.err
configure:7579: $? = 0
configure:7582: test -s conftest
configure:7585: $? = 0
configure:7597: result: yes
configure:7681: checking for IceConnectionNumber in -lICE
configure:7711: gcc-4.0 -o conftest -g -O2   conftest.c -lICE   >&5
configure:7717: $? = 0
configure:7721: test -z 
			 || test ! -s conftest.err
configure:7724: $? = 0
configure:7727: test -s conftest
configure:7730: $? = 0
configure:7743: result: yes
configure:7789: checking for _Xsetlocale in -lX11
configure:7819: gcc-4.0 -o conftest -g -O2   conftest.c -lX11  -lX11   >&5
/tmp/ccUPKLee.o: In function `main':
/home/yjchen/WMaker/conftest.c:68: undefined reference to `_Xsetlocale'
collect2: ld returned 1 exit status
configure:7825: $? = 1
configure: failed program was:
| /* confdefs.h.  */
| 
| #define PACKAGE_NAME "FULL-PACKAGE-NAME"
| #define PACKAGE_TARNAME "full-package-name"
| #define PACKAGE_VERSION "VERSION"
| #define PACKAGE_STRING "FULL-PACKAGE-NAME VERSION"
| #define PACKAGE_BUGREPORT "BUG-REPORT-ADDRESS"
| #define VERSION "0.1"
| #define HAVE_VPRINTF 1
| #define HAVE_ALLOCA_H 1
| #define HAVE_ALLOCA 1
| #define HAVE_GETHOSTNAME 1
| #define HAVE_SELECT 1
| #define HAVE_POLL 1
| #define HAVE_STRERROR 1
| #define HAVE_STRCASECMP 1
| #define HAVE_STRNCASECMP 1
| #define HAVE_SETPGID 1
| #define HAVE_ATEXIT 1
| #define HAVE_MALLINFO 1
| #define HAVE_MKSTEMP 1
| #define HAVE_SNPRINTF 1
| #define HAVE_VSNPRINTF 1
| #define HAVE_ASPRINTF 1
| #define HAVE_VASPRINTF 1
| #define HAVE_C99_VSNPRINTF 1
| #define STDC_HEADERS 1
| #define HAVE_SYS_TYPES_H 1
| #define HAVE_SYS_STAT_H 1
| #define HAVE_STDLIB_H 1
| #define HAVE_STRING_H 1
| #define HAVE_MEMORY_H 1
| #define HAVE_STRINGS_H 1
| #define HAVE_INTTYPES_H 1
| #define HAVE_STDINT_H 1
| #define HAVE_UNISTD_H 1
| #define HAVE_DLFCN_H 1
| #define CPP_PATH "/usr/bin/cpp"
| #define HAVE_SYS_WAIT_H 1
| #define TIME_WITH_SYS_TIME 1
| #define HAVE_FCNTL_H 1
| #define HAVE_LIMITS_H 1
| #define HAVE_SYS_IOCTL_H 1
| #define HAVE_SYS_TIME_H 1
| #define HAVE_SYS_TYPES_H 1
| #define HAVE_LIBINTL_H 1
| #define HAVE_SYS_SELECT_H 1
| #define HAVE_POLL_H 1
| #define HAVE_MALLOC_H 1
| #define HAVE_CTYPE_H 1
| #define HAVE_STRING_H 1
| #define HAVE_STRINGS_H 1
| #define HAVE_DECL_SYS_SIGLIST 1
| #define RETSIGTYPE void
| #define HAVE_INET_ATON 1
| /* end confdefs.h.  */
| 
| /* Override any gcc2 internal prototype to avoid an error.  */
| #ifdef __cplusplus
| extern "C"
| #endif
| /* We use char because int might match the return type of a gcc2
|    builtin and then its argument prototype would still apply.  */
| char _Xsetlocale ();
| int
| main ()
| {
| _Xsetlocale ();
|   ;
|   return 0;
| }
configure:7851: result: no
configure:7863: checking for XInternAtoms in -lX11
configure:7893: gcc-4.0 -o conftest -g -O2   conftest.c -lX11  -lX11   >&5
configure:7899: $? = 0
configure:7903: test -z 
			 || test ! -s conftest.err
configure:7906: $? = 0
configure:7909: test -s conftest
configure:7912: $? = 0
configure:7925: result: yes
configure:7935: checking for XConvertCase in -lX11
configure:7965: gcc-4.0 -o conftest -g -O2   conftest.c -lX11  -lX11   >&5
configure:7971: $? = 0
configure:7975: test -z 
			 || test ! -s conftest.err
configure:7978: $? = 0
configure:7981: test -s conftest
configure:7984: $? = 0
configure:7997: result: yes
configure:8031: checking for XShapeSelectInput in -lXext
configure:8061: gcc-4.0 -o conftest -g -O2   conftest.c -lXext  -lX11   >&5
configure:8067: $? = 0
configure:8071: test -z 
			 || test ! -s conftest.err
configure:8074: $? = 0
configure:8077: test -s conftest
configure:8080: $? = 0
configure:8093: result: yes
configure:8203: checking for XShmAttach in -lXext
configure:8233: gcc-4.0 -o conftest -g -O2   conftest.c -lXext  -lXext -lX11   >&5
configure:8239: $? = 0
configure:8243: test -z 
			 || test ! -s conftest.err
configure:8246: $? = 0
configure:8249: test -s conftest
configure:8252: $? = 0
configure:8265: result: yes
configure:8275: checking for shmget
configure:8332: gcc-4.0 -o conftest -g -O2   conftest.c  >&5
configure:8338: $? = 0
configure:8342: test -z 
			 || test ! -s conftest.err
configure:8345: $? = 0
configure:8348: test -s conftest
configure:8351: $? = 0
configure:8363: result: yes
configure:8411: checking for XpmCreatePixmapFromData in -lXpm
configure:8441: gcc-4.0 -o conftest -g -O2   -L/usr/local/lib  conftest.c -lXpm  -lXext -lX11   >&5
configure:8447: $? = 0
configure:8451: test -z 
			 || test ! -s conftest.err
configure:8454: $? = 0
configure:8457: test -s conftest
configure:8460: $? = 0
configure:8473: result: yes
configure:8498: checking X11/xpm.h usability
configure:8510: gcc-4.0 -c -g -O2  -I/usr/local/include  conftest.c >&5
configure:8516: $? = 0
configure:8520: test -z 
			 || test ! -s conftest.err
configure:8523: $? = 0
configure:8526: test -s conftest.o
configure:8529: $? = 0
configure:8539: result: yes
configure:8543: checking X11/xpm.h presence
configure:8553: gcc-4.0 -E  -I/usr/local/include  conftest.c
configure:8559: $? = 0
configure:8579: result: yes
configure:8614: checking for X11/xpm.h
configure:8621: result: yes
configure:8666: checking for Hermes_ConverterRequest in -lHermes
configure:8696: gcc-4.0 -o conftest -g -O2   -L/usr/local/lib  conftest.c -lHermes   >&5
/usr/bin/ld: cannot find -lHermes
collect2: ld returned 1 exit status
configure:8702: $? = 1
configure: failed program was:
| /* confdefs.h.  */
| 
| #define PACKAGE_NAME "FULL-PACKAGE-NAME"
| #define PACKAGE_TARNAME "full-package-name"
| #define PACKAGE_VERSION "VERSION"
| #define PACKAGE_STRING "FULL-PACKAGE-NAME VERSION"
| #define PACKAGE_BUGREPORT "BUG-REPORT-ADDRESS"
| #define VERSION "0.1"
| #define HAVE_VPRINTF 1
| #define HAVE_ALLOCA_H 1
| #define HAVE_ALLOCA 1
| #define HAVE_GETHOSTNAME 1
| #define HAVE_SELECT 1
| #define HAVE_POLL 1
| #define HAVE_STRERROR 1
| #define HAVE_STRCASECMP 1
| #define HAVE_STRNCASECMP 1
| #define HAVE_SETPGID 1
| #define HAVE_ATEXIT 1
| #define HAVE_MALLINFO 1
| #define HAVE_MKSTEMP 1
| #define HAVE_SNPRINTF 1
| #define HAVE_VSNPRINTF 1
| #define HAVE_ASPRINTF 1
| #define HAVE_VASPRINTF 1
| #define HAVE_C99_VSNPRINTF 1
| #define STDC_HEADERS 1
| #define HAVE_SYS_TYPES_H 1
| #define HAVE_SYS_STAT_H 1
| #define HAVE_STDLIB_H 1
| #define HAVE_STRING_H 1
| #define HAVE_MEMORY_H 1
| #define HAVE_STRINGS_H 1
| #define HAVE_INTTYPES_H 1
| #define HAVE_STDINT_H 1
| #define HAVE_UNISTD_H 1
| #define HAVE_DLFCN_H 1
| #define CPP_PATH "/usr/bin/cpp"
| #define HAVE_SYS_WAIT_H 1
| #define TIME_WITH_SYS_TIME 1
| #define HAVE_FCNTL_H 1
| #define HAVE_LIMITS_H 1
| #define HAVE_SYS_IOCTL_H 1
| #define HAVE_SYS_TIME_H 1
| #define HAVE_SYS_TYPES_H 1
| #define HAVE_LIBINTL_H 1
| #define HAVE_SYS_SELECT_H 1
| #define HAVE_POLL_H 1
| #define HAVE_MALLOC_H 1
| #define HAVE_CTYPE_H 1
| #define HAVE_STRING_H 1
| #define HAVE_STRINGS_H 1
| #define HAVE_DECL_SYS_SIGLIST 1
| #define RETSIGTYPE void
| #define HAVE_INET_ATON 1
| #define HAVE_XINTERNATOMS 1
| #define HAVE_XCONVERTCASE 1
| #define SHAPE 1
| #define XSHM 1
| #define USE_XPM 1
| /* end confdefs.h.  */
| 
| /* Override any gcc2 internal prototype to avoid an error.  */
| #ifdef __cplusplus
| extern "C"
| #endif
| /* We use char because int might match the return type of a gcc2
|    builtin and then its argument prototype would still apply.  */
| char Hermes_ConverterRequest ();
| int
| main ()
| {
| Hermes_ConverterRequest ();
|   ;
|   return 0;
| }
configure:8728: result: no
configure:8911: checking for png_get_valid in -lpng
configure:8941: gcc-4.0 -o conftest -g -O2   -L/usr/local/lib  conftest.c -lpng -lz -lm  >&5
configure:8947: $? = 0
configure:8951: test -z 
			 || test ! -s conftest.err
configure:8954: $? = 0
configure:8957: test -s conftest
configure:8960: $? = 0
configure:8973: result: yes
configure:8998: checking png.h usability
configure:9010: gcc-4.0 -c -g -O2  -I/usr/local/include  conftest.c >&5
configure:9016: $? = 0
configure:9020: test -z 
			 || test ! -s conftest.err
configure:9023: $? = 0
configure:9026: test -s conftest.o
configure:9029: $? = 0
configure:9039: result: yes
configure:9043: checking png.h presence
configure:9053: gcc-4.0 -E  -I/usr/local/include  conftest.c
configure:9059: $? = 0
configure:9079: result: yes
configure:9114: checking for png.h
configure:9121: result: yes
configure:9155: checking for jpeg_destroy_compress in -ljpeg
configure:9185: gcc-4.0 -o conftest -g -O2   -L/usr/local/lib  conftest.c -ljpeg   >&5
configure:9191: $? = 0
configure:9195: test -z 
			 || test ! -s conftest.err
configure:9198: $? = 0
configure:9201: test -s conftest
configure:9204: $? = 0
configure:9217: result: yes
configure:9245: checking jpeglib.h usability
configure:9257: gcc-4.0 -c -g -O2  -I/usr/local/include  conftest.c >&5
configure:9263: $? = 0
configure:9267: test -z 
			 || test ! -s conftest.err
configure:9270: $? = 0
configure:9273: test -s conftest.o
configure:9276: $? = 0
configure:9286: result: yes
configure:9290: checking jpeglib.h presence
configure:9300: gcc-4.0 -E  -I/usr/local/include  conftest.c
configure:9306: $? = 0
configure:9326: result: yes
configure:9361: checking for jpeglib.h
configure:9368: result: yes
configure:9402: checking for DGifOpenFileName in -lungif
configure:9432: gcc-4.0 -o conftest -g -O2   -L/usr/local/lib  conftest.c -lungif  -lXext -lX11   >&5
configure:9438: $? = 0
configure:9442: test -z 
			 || test ! -s conftest.err
configure:9445: $? = 0
configure:9448: test -s conftest
configure:9451: $? = 0
configure:9464: result: yes
configure:9572: checking gif_lib.h usability
configure:9584: gcc-4.0 -c -g -O2  -I/usr/local/include  conftest.c >&5
configure:9590: $? = 0
configure:9594: test -z 
			 || test ! -s conftest.err
configure:9597: $? = 0
configure:9600: test -s conftest.o
configure:9603: $? = 0
configure:9613: result: yes
configure:9617: checking gif_lib.h presence
configure:9627: gcc-4.0 -E  -I/usr/local/include  conftest.c
configure:9633: $? = 0
configure:9653: result: yes
configure:9688: checking for gif_lib.h
configure:9695: result: yes
configure:9739: checking for TIFFGetVersion in -ltiff
configure:9769: gcc-4.0 -o conftest -g -O2   -L/usr/local/lib  conftest.c -ltiff -lm  >&5
configure:9775: $? = 0
configure:9779: test -z 
			 || test ! -s conftest.err
configure:9782: $? = 0
configure:9785: test -s conftest
configure:9788: $? = 0
configure:9801: result: yes
configure:9992: checking tiffio.h usability
configure:10004: gcc-4.0 -c -g -O2  -I/usr/local/include  conftest.c >&5
configure:10010: $? = 0
configure:10014: test -z 
			 || test ! -s conftest.err
configure:10017: $? = 0
configure:10020: test -s conftest.o
configure:10023: $? = 0
configure:10033: result: yes
configure:10037: checking tiffio.h presence
configure:10047: gcc-4.0 -E  -I/usr/local/include  conftest.c
configure:10053: $? = 0
configure:10073: result: yes
configure:10108: checking for tiffio.h
configure:10115: result: yes
configure:10153: checking for stdlib.h
configure:10158: result: yes
configure:10471: creating ./config.status

## ---------------------- ##
## Running config.status. ##
## ---------------------- ##

This file was extended by FULL-PACKAGE-NAME config.status VERSION, which was
generated by GNU Autoconf 2.59.  Invocation command line was

  CONFIG_FILES    = 
  CONFIG_HEADERS  = 
  CONFIG_LINKS    = 
  CONFIG_COMMANDS = 
  $ ./config.status 

on count

config.status:667: creating GNUmakefile
config.status:770: creating config.h
config.status:992: config.h is unchanged

## ---------------- ##
## Cache variables. ##
## ---------------- ##

_cv_HAVE_C99_VSNPRINTF=yes
ac_cv_c_compiler_gnu=yes
ac_cv_c_const=yes
ac_cv_env_CC_set=set
ac_cv_env_CC_value=gcc-4.0
ac_cv_env_CFLAGS_set=
ac_cv_env_CFLAGS_value=
ac_cv_env_CPPFLAGS_set=
ac_cv_env_CPPFLAGS_value=
ac_cv_env_CPP_set=
ac_cv_env_CPP_value=
ac_cv_env_LDFLAGS_set=
ac_cv_env_LDFLAGS_value=
ac_cv_env_build_alias_set=
ac_cv_env_build_alias_value=
ac_cv_env_host_alias_set=
ac_cv_env_host_alias_value=
ac_cv_env_target_alias_set=
ac_cv_env_target_alias_value=
ac_cv_exeext=
ac_cv_func__doprnt=no
ac_cv_func_alloca_works=yes
ac_cv_func_asprintf=yes
ac_cv_func_atexit=yes
ac_cv_func_connect=yes
ac_cv_func_dlopen=no
ac_cv_func_gethostbyname=yes
ac_cv_func_gethostname=yes
ac_cv_func_gettext=yes
ac_cv_func_inet_aton=yes
ac_cv_func_mallinfo=yes
ac_cv_func_mkstemp=yes
ac_cv_func_poll=yes
ac_cv_func_remove=yes
ac_cv_func_select=yes
ac_cv_func_setpgid=yes
ac_cv_func_shmat=yes
ac_cv_func_shmget=yes
ac_cv_func_snprintf=yes
ac_cv_func_strcasecmp=yes
ac_cv_func_strerror=yes
ac_cv_func_strncasecmp=yes
ac_cv_func_vasprintf=yes
ac_cv_func_vprintf=yes
ac_cv_func_vsnprintf=yes
ac_cv_have_decl_sys_siglist=yes
ac_cv_have_x='have_x=yes 		ac_x_includes= ac_x_libraries='
ac_cv_header_X11_xpm_h=yes
ac_cv_header_ctype_h=yes
ac_cv_header_dlfcn_h=yes
ac_cv_header_fcntl_h=yes
ac_cv_header_gif_lib_h=yes
ac_cv_header_inttypes_h=yes
ac_cv_header_jpeglib_h=yes
ac_cv_header_libintl_h=yes
ac_cv_header_limits_h=yes
ac_cv_header_malloc_h=yes
ac_cv_header_memory_h=yes
ac_cv_header_png_h=yes
ac_cv_header_poll_h=yes
ac_cv_header_stdc=yes
ac_cv_header_stdint_h=yes
ac_cv_header_stdlib_h=yes
ac_cv_header_string_h=yes
ac_cv_header_strings_h=yes
ac_cv_header_sys_ioctl_h=yes
ac_cv_header_sys_select_h=yes
ac_cv_header_sys_stat_h=yes
ac_cv_header_sys_time_h=yes
ac_cv_header_sys_types_h=yes
ac_cv_header_sys_wait_h=yes
ac_cv_header_tiffio_h=yes
ac_cv_header_time=yes
ac_cv_header_unistd_h=yes
ac_cv_lib_Hermes_Hermes_ConverterRequest=no
ac_cv_lib_ICE_IceConnectionNumber=yes
ac_cv_lib_X11_XConvertCase=yes
ac_cv_lib_X11_XInternAtoms=yes
ac_cv_lib_X11__Xsetlocale=no
ac_cv_lib_Xext_XShapeSelectInput=yes
ac_cv_lib_Xext_XShmAttach=yes
ac_cv_lib_Xpm_XpmCreatePixmapFromData=yes
ac_cv_lib_dl_dlopen=yes
ac_cv_lib_jpeg_jpeg_destroy_compress=yes
ac_cv_lib_png_png_get_valid=yes
ac_cv_lib_ungif_DGifOpenFileName=yes
ac_cv_objext=o
ac_cv_path_CPP_PATH=/usr/bin/cpp
ac_cv_prog_CPP='gcc-4.0 -E'
ac_cv_prog_ac_ct_CC=gcc-4.0
ac_cv_prog_cc_g=yes
ac_cv_prog_cc_stdc=
ac_cv_prog_egrep='grep -E'
ac_cv_prog_gcc_traditional=no
ac_cv_search_strerror='none required'
ac_cv_type_signal=void
ac_cv_working_alloca_h=yes

## ----------------- ##
## Output variables. ##
## ----------------- ##

ALLOCA=''
CC='gcc-4.0'
CFLAGS='-g -O2'
CPP='gcc-4.0 -E'
CPPFLAGS=''
CPP_PATH='/usr/bin/cpp'
DEFS='-DHAVE_CONFIG_H'
DLLIBS='-ldl'
ECHO_C=''
ECHO_N='-n'
ECHO_T=''
EGREP='grep -E'
EXEEXT=''
GFXLIBS='-ltiff  -lXpm -lpng -lz -ljpeg -lungif'
HEADER_SEARCH_PATH='-I/usr/local/include '
ICONEXT='tiff'
INTLIBS=''
LDFLAGS=''
LIBOBJS=''
LIBRARY_SEARCH_PATH='-L/usr/local/lib '
LIBS=''
LITE=''
LN_S='ln -s'
LTLIBOBJS=''
MOFILES=''
NETLIBS=''
NLSDIR='$(prefix)/lib/locale'
OBJEXT='o'
PACKAGE_BUGREPORT='BUG-REPORT-ADDRESS'
PACKAGE_NAME='FULL-PACKAGE-NAME'
PACKAGE_STRING='FULL-PACKAGE-NAME VERSION'
PACKAGE_TARNAME='full-package-name'
PACKAGE_VERSION='VERSION'
PATH_SEPARATOR=':'
SHELL='/bin/sh'
WINGSMOFILES=''
WPMOFILES=''
XCFLAGS=''
XGETTEXT=''
XLFLAGS=''
XLIBS='-lXext -lX11 '
X_CFLAGS=''
X_EXTRA_LIBS=''
X_LIBRARY_PATH=''
X_LIBS=''
X_PRE_LIBS=' -lSM -lICE'
ac_ct_CC='gcc-4.0'
bindir='${exec_prefix}/bin'
build_alias=''
datadir='${prefix}/share'
exec_prefix='${prefix}'
host_alias=''
includedir='${prefix}/include'
infodir='${prefix}/info'
libdir='${exec_prefix}/lib'
libexecdir='${exec_prefix}/libexec'
localstatedir='${prefix}/var'
mandir='${prefix}/man'
oldincludedir='/usr/include'
prefix='/usr/local'
program_transform_name='s,x,x,'
sbindir='${exec_prefix}/sbin'
sharedstatedir='${prefix}/com'
supported_locales='bg cs da de el es et fi fr gl hr hu it ja ko ms nl no pl pt ro ru sk sv tr zh_CN zh_TW.Big5'
sysconfdir='${prefix}/etc'
target_alias=''
wprefsdir='${prefix}/GNUstep/Local/Apps/WPrefs.app'

## ----------- ##
## confdefs.h. ##
## ----------- ##

#define CPP_PATH "/usr/bin/cpp"
#define HAVE_ALLOCA 1
#define HAVE_ALLOCA_H 1
#define HAVE_ASPRINTF 1
#define HAVE_ATEXIT 1
#define HAVE_C99_VSNPRINTF 1
#define HAVE_CTYPE_H 1
#define HAVE_DECL_SYS_SIGLIST 1
#define HAVE_DLFCN_H 1
#define HAVE_FCNTL_H 1
#define HAVE_GETHOSTNAME 1
#define HAVE_INET_ATON 1
#define HAVE_INTTYPES_H 1
#define HAVE_LIBINTL_H 1
#define HAVE_LIMITS_H 1
#define HAVE_MALLINFO 1
#define HAVE_MALLOC_H 1
#define HAVE_MEMORY_H 1
#define HAVE_MKSTEMP 1
#define HAVE_POLL 1
#define HAVE_POLL_H 1
#define HAVE_SELECT 1
#define HAVE_SETPGID 1
#define HAVE_SNPRINTF 1
#define HAVE_STDINT_H 1
#define HAVE_STDLIB_H 1
#define HAVE_STDLIB_H 1
#define HAVE_STRCASECMP 1
#define HAVE_STRERROR 1
#define HAVE_STRINGS_H 1
#define HAVE_STRINGS_H 1
#define HAVE_STRING_H 1
#define HAVE_STRING_H 1
#define HAVE_STRNCASECMP 1
#define HAVE_SYS_IOCTL_H 1
#define HAVE_SYS_SELECT_H 1
#define HAVE_SYS_STAT_H 1
#define HAVE_SYS_TIME_H 1
#define HAVE_SYS_TYPES_H 1
#define HAVE_SYS_TYPES_H 1
#define HAVE_SYS_WAIT_H 1
#define HAVE_UNISTD_H 1
#define HAVE_VASPRINTF 1
#define HAVE_VPRINTF 1
#define HAVE_VSNPRINTF 1
#define HAVE_XCONVERTCASE 1
#define HAVE_XINTERNATOMS 1
#define PACKAGE_BUGREPORT "BUG-REPORT-ADDRESS"
#define PACKAGE_NAME "FULL-PACKAGE-NAME"
#define PACKAGE_STRING "FULL-PACKAGE-NAME VERSION"
#define PACKAGE_TARNAME "full-package-name"
#define PACKAGE_VERSION "VERSION"
#define PIXMAPDIR "/usr/local/share/pixmaps"
#define PKGDATADIR "/usr/local/share/WindowMaker"
#define RETSIGTYPE void
#define SHAPE 1
#define STDC_HEADERS 1
#define SYSCONFDIR "/usr/local/etc"
#define TIME_WITH_SYS_TIME 1
#define USE_GIF 1
#define USE_JPEG 1
#define USE_PNG 1
#define USE_TIFF 1
#define USE_XPM 1
#define VERSION "0.1"
#define XSHM 1

configure: exit 0
